Arguments: 
  C:\Program Files\nodejs\node.exe C:\Users\Apollo\AppData\Roaming\npm\node_modules\yarn\bin\yarn.js add moment

PATH: 
  C:\Windows\system32;C:\Windows;C:\Windows\System32\Wbem;C:\Windows\System32\WindowsPowerShell\v1.0\;C:\Windows\System32\OpenSSH\;C:\Program Files\nodejs\;C:\xampp\php;C:\composer;C:\Android\sdk\platform-tools;C:\Program Files\Java\jdk1.8.0_111\bin;C:\Program Files\Git\cmd;C:\Users\Apollo\AppData\Local\Microsoft\WindowsApps;C:\Users\Apollo\AppData\Roaming\npm;C:\Users\Apollo\AppData\Local\Programs\Microsoft VS Code\bin;C:\Users\Apollo\AppData\Local\GitHubDesktop\bin;C:\Users\Apollo\AppData\Roaming\Composer\vendor\bin

Yarn version: 
  1.21.1

Node version: 
  10.16.1

Platform: 
  win32 x64

Trace: 
  Error: EPERM: operation not permitted, unlink 'F:\YTD\localworkgit\node_modules\node-sass\vendor\win32-x64-64\binding.node'

npm manifest: 
  {
    "name": "ytd-front",
    "version": "0.1.0",
    "private": true,
    "dependencies": {
      "@fortawesome/fontawesome-svg-core": "^1.2.26",
      "@fortawesome/free-solid-svg-icons": "^5.12.0",
      "@fortawesome/react-fontawesome": "^0.1.8",
      "animate-sass": "^0.8.2",
      "base64topdf": "^1.1.8",
      "history": "^4.7.2",
      "loaders.css": "^0.1.2",
      "node-sass": "^4.13.1",
      "pdf-lib": "^1.3.1",
      "pe7-icon": "^1.0.4",
      "react": "^16.7.0",
      "react-dom": "^16.7.0",
      "react-icons": "^3.9.0",
      "react-input-mask": "^2.0.4",
      "react-metismenu": "^1.4.0",
      "react-pdf": "^4.1.0",
      "react-redux": "^6.0.0",
      "react-router-dom": "^4.3.1",
      "react-scripts": "2.1.3",
      "react-select": "^3.0.8",
      "react-signature-canvas": "^1.0.3",
      "react-table": "^6.9.2",
      "react-toastify": "^5.5.0",
      "reactstrap": "^8.4.0",
      "redux": "^4.0.1",
      "redux-thunk": "^2.3.0",
      "styled-components": "^5.0.1"
    },
    "scripts": {
      "start": "react-scripts start",
      "test": "react-scripts test",
      "eject": "react-scripts eject",
      "move-static": "cp -a ./node_modules/@pdftron/pdfjsexpress/public/. ./dist/public/pdfjsexpress",
      "build": "react-scripts build && mybuildscript && npm run move-static"
    },
    "eslintConfig": {
      "extends": "react-app"
    },
    "browserslist": [
      ">0.2%",
      "not dead",
      "not ie <= 11",
      "not op_mini all"
    ]
  }

yarn manifest: 
  No manifest

Lockfile: 
  No lockfile
